[2018-08-26 11:02:11,419]: Model: rf
[2018-08-26 11:02:11,434]: means: [0.88007133 0.88052436 0.88094831 0.88112964]
[2018-08-26 11:02:11,434]: stds: [0.01177468 0.01156543 0.01140497 0.01132209]
[2018-08-26 11:02:11,434]: scores: [mean: 0.88007, std: 0.01177, params: {'n_estimators': 40}, mean: 0.88052, std: 0.01157, params: {'n_estimators': 60}, mean: 0.88095, std: 0.01140, params: {'n_estimators': 80}, mean: 0.88113, std: 0.01132, params: {'n_estimators': 100}]
[2018-08-26 11:02:11,434]: best params: {'n_estimators': 100}
[2018-08-26 11:02:11,434]: best scores: 0.8811296399470666
[2018-08-26 11:02:11,434]: --------------------------------------------------------

[2018-08-26 11:25:27,345]: Model: rf
[2018-08-26 11:25:27,345]: means: [0.88881144 0.88743884 0.88849963 0.88738291 0.88849963 0.88738291
 0.88849963 0.88738291]
[2018-08-26 11:25:27,345]: stds: [0.01143685 0.01166839 0.01159362 0.01166583 0.01159362 0.01166583
 0.01159362 0.01166583]
[2018-08-26 11:25:27,345]: scores: [mean: 0.88881, std: 0.01144, params: {'max_depth': 20, 'min_samples_split': 100}, mean: 0.88744, std: 0.01167, params: {'max_depth': 20, 'min_samples_split': 200}, mean: 0.88850, std: 0.01159, params: {'max_depth': 40, 'min_samples_split': 100}, mean: 0.88738, std: 0.01167, params: {'max_depth': 40, 'min_samples_split': 200}, mean: 0.88850, std: 0.01159, params: {'max_depth': 60, 'min_samples_split': 100}, mean: 0.88738, std: 0.01167, params: {'max_depth': 60, 'min_samples_split': 200}, mean: 0.88850, std: 0.01159, params: {'max_depth': 80, 'min_samples_split': 100}, mean: 0.88738, std: 0.01167, params: {'max_depth': 80, 'min_samples_split': 200}]
[2018-08-26 11:25:27,345]: best params: {'max_depth': 20, 'min_samples_split': 100}
[2018-08-26 11:25:27,345]: best scores: 0.8888114440395491
[2018-08-26 11:25:27,345]: --------------------------------------------------------
[2018-08-26 11:53:44,093]: Model: rf
[2018-08-26 11:53:44,109]: means: [0.88922548 0.88898763 0.88887486 0.88885223 0.88823561 0.88881144
 0.88881144 0.88819443 0.88799527 0.88793226 0.88766313 0.88766313
 0.88766313 0.88736806 0.88713886]
[2018-08-26 11:53:44,109]: stds: [0.01168015 0.01109776 0.01124951 0.01130248 0.01175634 0.01143685
 0.01143685 0.0115472  0.01156992 0.0114759  0.01149269 0.01149269
 0.01149269 0.01167775 0.01147687]
[2018-08-26 11:53:44,109]: scores: [mean: 0.88923, std: 0.01168, params: {'min_samples_leaf': 40, 'min_samples_split': 80}, mean: 0.88899, std: 0.01110, params: {'min_samples_leaf': 40, 'min_samples_split': 100}, mean: 0.88887, std: 0.01125, params: {'min_samples_leaf': 40, 'min_samples_split': 120}, mean: 0.88885, std: 0.01130, params: {'min_samples_leaf': 40, 'min_samples_split': 140}, mean: 0.88824, std: 0.01176, params: {'min_samples_leaf': 40, 'min_samples_split': 160}, mean: 0.88881, std: 0.01144, params: {'min_samples_leaf': 50, 'min_samples_split': 80}, mean: 0.88881, std: 0.01144, params: {'min_samples_leaf': 50, 'min_samples_split': 100}, mean: 0.88819, std: 0.01155, params: {'min_samples_leaf': 50, 'min_samples_split': 120}, mean: 0.88800, std: 0.01157, params: {'min_samples_leaf': 50, 'min_samples_split': 140}, mean: 0.88793, std: 0.01148, params: {'min_samples_leaf': 50, 'min_samples_split': 160}, mean: 0.88766, std: 0.01149, params: {'min_samples_leaf': 60, 'min_samples_split': 80}, mean: 0.88766, std: 0.01149, params: {'min_samples_leaf': 60, 'min_samples_split': 100}, mean: 0.88766, std: 0.01149, params: {'min_samples_leaf': 60, 'min_samples_split': 120}, mean: 0.88737, std: 0.01168, params: {'min_samples_leaf': 60, 'min_samples_split': 140}, mean: 0.88714, std: 0.01148, params: {'min_samples_leaf': 60, 'min_samples_split': 160}]
[2018-08-26 11:53:44,109]: best params: {'min_samples_leaf': 40, 'min_samples_split': 80}
[2018-08-26 11:53:44,109]: best scores: 0.8892254801914502
[2018-08-26 11:53:44,109]: --------------------------------------------------------
[2018-08-26 12:20:37,706]: Model: rf
[2018-08-26 12:20:37,722]: means: [0.89072319 0.89072305 0.89039282 0.89028419 0.88984684 0.88969537
 0.88922548 0.88922548 0.88922548]
[2018-08-26 12:20:37,722]: stds: [0.01132454 0.01143412 0.0117187  0.01126647 0.01108929 0.0112741
 0.01168015 0.01168015 0.01168015]
[2018-08-26 12:20:37,722]: scores: [mean: 0.89072, std: 0.01132, params: {'min_samples_leaf': 20, 'min_samples_split': 60}, mean: 0.89072, std: 0.01143, params: {'min_samples_leaf': 20, 'min_samples_split': 70}, mean: 0.89039, std: 0.01172, params: {'min_samples_leaf': 20, 'min_samples_split': 80}, mean: 0.89028, std: 0.01127, params: {'min_samples_leaf': 30, 'min_samples_split': 60}, mean: 0.88985, std: 0.01109, params: {'min_samples_leaf': 30, 'min_samples_split': 70}, mean: 0.88970, std: 0.01127, params: {'min_samples_leaf': 30, 'min_samples_split': 80}, mean: 0.88923, std: 0.01168, params: {'min_samples_leaf': 40, 'min_samples_split': 60}, mean: 0.88923, std: 0.01168, params: {'min_samples_leaf': 40, 'min_samples_split': 70}, mean: 0.88923, std: 0.01168, params: {'min_samples_leaf': 40, 'min_samples_split': 80}]
[2018-08-26 12:20:37,722]: best params: {'min_samples_leaf': 20, 'min_samples_split': 60}
[2018-08-26 12:20:37,722]: best scores: 0.8907231869133153
[2018-08-26 12:20:37,722]: --------------------------------------------------------
[2018-08-26 12:42:05,151]: Estimator: rf
[2018-08-26 12:42:05,151]: parameters: n_estimators=80, max_depth=20, min_samples_split=60, min_samples_leaf=20, max_features=sqrt
[2018-08-26 12:42:05,151]: Accuracy: 0.916274
[2018-08-26 12:42:05,167]: AUC: 0.886410
[2018-08-26 12:42:05,167]: oob_score: 0.9265997139481376
[2018-08-26 12:51:31,405]: Estimator: rf
[2018-08-26 12:51:31,405]: parameters: n_estimators=80, max_depth=20, min_samples_split=60, min_samples_leaf=20, max_features=sqrt
[2018-08-26 12:51:31,405]: Online AUC: 
[2018-08-26 12:51:31,405]: oob_score: 0.9258628194764007
[2018-08-27 02:08:01,920]: Estimator: rf
[2018-08-27 02:08:01,921]: parameters: n_estimators=1800, max_depth=20, min_samples_split=60, min_samples_leaf=20, max_features=sqrt
[2018-08-27 02:08:01,921]: Online AUC: 
[2018-08-27 02:08:01,921]: oob_score: 0.9264597972762888
