[2018-08-26 00:47:14,755]: Model: gbdt
[2018-08-26 00:47:14,755]: means: [0.89151335 0.89244308 0.89291764 0.8935505 ]
[2018-08-26 00:47:14,755]: stds: [0.01024164 0.01024505 0.01014505 0.0097489 ]
[2018-08-26 00:47:14,755]: scores: [mean: 0.89151, std: 0.01024, params: {'n_estimators': 50}, mean: 0.89244, std: 0.01025, params: {'n_estimators': 60}, mean: 0.89292, std: 0.01015, params: {'n_estimators': 70}, mean: 0.89355, std: 0.00975, params: {'n_estimators': 80}]
[2018-08-26 00:47:14,755]: best params: {'n_estimators': 80}
[2018-08-26 00:47:14,755]: best scores: 0.893550500675655
[2018-08-26 00:47:14,755]: --------------------------------------------------------
[2018-08-26 01:01:39,658]: Model: gbdt
[2018-08-26 01:01:39,658]: means: [0.89005885 0.89061903 0.89290439 0.8935505  0.89451661 0.89474222
 0.8943176  0.89526237]
[2018-08-26 01:01:39,658]: stds: [0.01137533 0.01079645 0.01092386 0.0097489  0.00985962 0.00981276
 0.00980915 0.00987722]
[2018-08-26 01:01:39,658]: scores: [mean: 0.89006, std: 0.01138, params: {'max_depth': 6, 'min_samples_split': 100}, mean: 0.89062, std: 0.01080, params: {'max_depth': 6, 'min_samples_split': 200}, mean: 0.89290, std: 0.01092, params: {'max_depth': 8, 'min_samples_split': 100}, mean: 0.89355, std: 0.00975, params: {'max_depth': 8, 'min_samples_split': 200}, mean: 0.89452, std: 0.00986, params: {'max_depth': 10, 'min_samples_split': 100}, mean: 0.89474, std: 0.00981, params: {'max_depth': 10, 'min_samples_split': 200}, mean: 0.89432, std: 0.00981, params: {'max_depth': 12, 'min_samples_split': 100}, mean: 0.89526, std: 0.00988, params: {'max_depth': 12, 'min_samples_split': 200}]
[2018-08-26 01:01:39,658]: best params: {'max_depth': 12, 'min_samples_split': 200}
[2018-08-26 01:01:39,658]: best scores: 0.8952623721486065
[2018-08-26 01:01:39,658]: --------------------------------------------------------
[2018-08-26 01:10:28,148]: Model: gbdt
[2018-08-26 01:10:28,148]: means: [0.89481432 0.89526237 0.8940217 ]
[2018-08-26 01:10:28,148]: stds: [0.00937177 0.00987722 0.00974673]
[2018-08-26 01:10:28,148]: scores: [mean: 0.89481, std: 0.00937, params: {'max_depth': 11}, mean: 0.89526, std: 0.00988, params: {'max_depth': 12}, mean: 0.89402, std: 0.00975, params: {'max_depth': 13}]
[2018-08-26 01:10:28,148]: best params: {'max_depth': 12}
[2018-08-26 01:10:28,148]: best scores: 0.8952623721486065
[2018-08-26 01:10:28,148]: --------------------------------------------------------
[2018-08-26 01:31:22,814]: Model: gbdt
[2018-08-26 01:31:22,814]: means: [0.89482879 0.89504376 0.8948596  0.89538568 0.89526237 0.89505562
 0.89416535 0.89477683 0.89578006]
[2018-08-26 01:31:22,814]: stds: [0.01004639 0.0095942  0.01010491 0.01008979 0.00987722 0.00982759
 0.01105057 0.01009438 0.01020443]
[2018-08-26 01:31:22,814]: scores: [mean: 0.89483, std: 0.01005, params: {'min_samples_leaf': 40, 'min_samples_split': 190}, mean: 0.89504, std: 0.00959, params: {'min_samples_leaf': 40, 'min_samples_split': 200}, mean: 0.89486, std: 0.01010, params: {'min_samples_leaf': 40, 'min_samples_split': 210}, mean: 0.89539, std: 0.01009, params: {'min_samples_leaf': 50, 'min_samples_split': 190}, mean: 0.89526, std: 0.00988, params: {'min_samples_leaf': 50, 'min_samples_split': 200}, mean: 0.89506, std: 0.00983, params: {'min_samples_leaf': 50, 'min_samples_split': 210}, mean: 0.89417, std: 0.01105, params: {'min_samples_leaf': 60, 'min_samples_split': 190}, mean: 0.89478, std: 0.01009, params: {'min_samples_leaf': 60, 'min_samples_split': 200}, mean: 0.89578, std: 0.01020, params: {'min_samples_leaf': 60, 'min_samples_split': 210}]
[2018-08-26 01:31:22,814]: best params: {'min_samples_leaf': 60, 'min_samples_split': 210}
[2018-08-26 01:31:22,814]: best scores: 0.8957800632913677
[2018-08-26 01:31:22,814]: --------------------------------------------------------
[2018-08-26 01:43:16,338]: Model: gbdt
[2018-08-26 01:43:16,338]: means: [0.89473876 0.89546754 0.8943902  0.8943898 ]
[2018-08-26 01:43:16,338]: stds: [0.0100538  0.00980186 0.00939589 0.0104766 ]
[2018-08-26 01:43:16,338]: scores: [mean: 0.89474, std: 0.01005, params: {'min_samples_leaf': 70, 'min_samples_split': 220}, mean: 0.89547, std: 0.00980, params: {'min_samples_leaf': 70, 'min_samples_split': 230}, mean: 0.89439, std: 0.00940, params: {'min_samples_leaf': 80, 'min_samples_split': 220}, mean: 0.89439, std: 0.01048, params: {'min_samples_leaf': 80, 'min_samples_split': 230}]
[2018-08-26 01:43:16,338]: best params: {'min_samples_leaf': 70, 'min_samples_split': 230}
[2018-08-26 01:43:16,338]: best scores: 0.8954675415473677
[2018-08-26 01:43:16,338]: --------------------------------------------------------
[2018-08-26 01:54:04,330]: Model: gbdt
[2018-08-26 01:54:04,330]: means: [0.89578006 0.89456437 0.89527508]
[2018-08-26 01:54:04,330]: stds: [0.01020443 0.01028975 0.0110031 ]
[2018-08-26 01:54:04,330]: scores: [mean: 0.89578, std: 0.01020, params: {'max_features': 10}, mean: 0.89456, std: 0.01029, params: {'max_features': 11}, mean: 0.89528, std: 0.01100, params: {'max_features': 12}]
[2018-08-26 01:54:04,330]: best params: {'max_features': 10}
[2018-08-26 01:54:04,330]: best scores: 0.8957800632913677
[2018-08-26 01:54:04,330]: --------------------------------------------------------
[2018-08-26 02:06:30,432]: Model: gbdt
[2018-08-26 02:06:30,432]: means: [0.89524968 0.89426219 0.89578006 0.89481031 0.89553554]
[2018-08-26 02:06:30,432]: stds: [0.01006204 0.01024896 0.01020443 0.00969466 0.00927487]
[2018-08-26 02:06:30,432]: scores: [mean: 0.89525, std: 0.01006, params: {'subsample': 0.7}, mean: 0.89426, std: 0.01025, params: {'subsample': 0.75}, mean: 0.89578, std: 0.01020, params: {'subsample': 0.8}, mean: 0.89481, std: 0.00969, params: {'subsample': 0.85}, mean: 0.89554, std: 0.00927, params: {'subsample': 0.9}]
[2018-08-26 02:06:30,432]: best params: {'subsample': 0.8}
[2018-08-26 02:06:30,432]: best scores: 0.8957800632913677
[2018-08-26 02:06:30,432]: --------------------------------------------------------
[2018-08-26 02:18:27,719]: Estimator: gbdt
[2018-08-26 02:25:23,500]: Estimator: gbdt
[2018-08-26 02:25:23,500]: parameters: learning_rate=0.100, n_estimators=80, max_depth=12, min_samples_split=210, min_samples_leaf=60, max_features=sqrt, subsamples=0.80
online auc: 
[2018-08-26 11:02:11,419]: Model: rf
[2018-08-26 11:02:11,434]: means: [0.88007133 0.88052436 0.88094831 0.88112964]
[2018-08-26 11:02:11,434]: stds: [0.01177468 0.01156543 0.01140497 0.01132209]
[2018-08-26 11:02:11,434]: scores: [mean: 0.88007, std: 0.01177, params: {'n_estimators': 40}, mean: 0.88052, std: 0.01157, params: {'n_estimators': 60}, mean: 0.88095, std: 0.01140, params: {'n_estimators': 80}, mean: 0.88113, std: 0.01132, params: {'n_estimators': 100}]
[2018-08-26 11:02:11,434]: best params: {'n_estimators': 100}
[2018-08-26 11:02:11,434]: best scores: 0.8811296399470666
[2018-08-26 11:02:11,434]: --------------------------------------------------------
