[2018-08-27 11:26:56,687]: Model: xgb
[2018-08-27 11:26:56,687]: means: [0.88654595 0.88786654 0.88854337]
[2018-08-27 11:26:56,687]: stds: [0.01031749 0.01045396 0.01054576]
[2018-08-27 11:26:56,687]: scores: [mean: 0.88655, std: 0.01032, params: {'n_estimators': 60}, mean: 0.88787, std: 0.01045, params: {'n_estimators': 80}, mean: 0.88854, std: 0.01055, params: {'n_estimators': 100}]
[2018-08-27 11:26:56,687]: best params: {'n_estimators': 100}
[2018-08-27 11:26:56,687]: best scores: 0.8885433673825606
[2018-08-27 11:26:56,687]: --------------------------------------------------------
[2018-08-27 12:06:49,234]: Model: xgb
[2018-08-27 12:06:49,234]: means: [0.88457258 0.88436441 0.8868716  0.88652287 0.88786123 0.88761977
 0.88775287 0.88797257]
[2018-08-27 12:06:49,234]: stds: [0.01069883 0.01077448 0.01047549 0.01075084 0.01089949 0.01036744
 0.01102972 0.01072462]
[2018-08-27 12:06:49,234]: scores: [mean: 0.88457, std: 0.01070, params: {'max_depth': 5, 'min_child_weight': 100}, mean: 0.88436, std: 0.01077, params: {'max_depth': 5, 'min_child_weight': 200}, mean: 0.88687, std: 0.01048, params: {'max_depth': 7, 'min_child_weight': 100}, mean: 0.88652, std: 0.01075, params: {'max_depth': 7, 'min_child_weight': 200}, mean: 0.88786, std: 0.01090, params: {'max_depth': 9, 'min_child_weight': 100}, mean: 0.88762, std: 0.01037, params: {'max_depth': 9, 'min_child_weight': 200}, mean: 0.88775, std: 0.01103, params: {'max_depth': 11, 'min_child_weight': 100}, mean: 0.88797, std: 0.01072, params: {'max_depth': 11, 'min_child_weight': 200}]
[2018-08-27 12:06:49,234]: best params: {'max_depth': 11, 'min_child_weight': 200}
[2018-08-27 12:06:49,234]: best scores: 0.8879725657084055
[2018-08-27 12:06:49,234]: --------------------------------------------------------
[2018-08-27 12:19:07,014]: Model: xgb
[2018-08-27 12:19:07,014]: means: [0.88786654 0.88797257 0.88862644]
[2018-08-27 12:19:07,014]: stds: [0.01045396 0.01072462 0.01053233]
[2018-08-27 12:19:07,030]: scores: [mean: 0.88787, std: 0.01045, params: {'max_depth': 10}, mean: 0.88797, std: 0.01072, params: {'max_depth': 11}, mean: 0.88863, std: 0.01053, params: {'max_depth': 12}]
[2018-08-27 12:19:07,030]: best params: {'max_depth': 12}
[2018-08-27 12:19:07,030]: best scores: 0.8886264447992819
[2018-08-27 12:19:07,030]: --------------------------------------------------------
[2018-08-27 12:42:18,592]: Model: xgb
[2018-08-27 12:42:18,592]: means: [0.88835637 0.88831147]
[2018-08-27 12:42:18,592]: stds: [0.01036183 0.01028567]
[2018-08-27 12:42:18,592]: scores: [mean: 0.88836, std: 0.01036, params: {'max_depth': 13}, mean: 0.88831, std: 0.01029, params: {'max_depth': 14}]
[2018-08-27 12:42:18,592]: best params: {'max_depth': 13}
[2018-08-27 12:42:18,592]: best scores: 0.8883563736921782
[2018-08-27 12:42:18,592]: --------------------------------------------------------
[2018-08-27 18:46:45,104]: Model: xgb
[2018-08-27 18:46:45,104]: Model: xgb
[2018-08-27 18:46:45,104]: means: [0.88967753 0.88995552 0.88999358 0.88840473 0.88862644 0.88830124
 0.88677046 0.88655175 0.88660398]
[2018-08-27 18:46:45,104]: means: [0.88967753 0.88995552 0.88999358 0.88840473 0.88862644 0.88830124
 0.88677046 0.88655175 0.88660398]
[2018-08-27 18:46:45,104]: stds: [0.01037838 0.01046606 0.01026858 0.01072867 0.01053233 0.01082719
 0.0105585  0.01087016 0.01062588]
[2018-08-27 18:46:45,104]: stds: [0.01037838 0.01046606 0.01026858 0.01072867 0.01053233 0.01082719
 0.0105585  0.01087016 0.01062588]
[2018-08-27 18:46:45,104]: scores: [mean: 0.88968, std: 0.01038, params: {'gamma': 40, 'min_child_weight': 190}, mean: 0.88996, std: 0.01047, params: {'gamma': 40, 'min_child_weight': 200}, mean: 0.88999, std: 0.01027, params: {'gamma': 40, 'min_child_weight': 210}, mean: 0.88840, std: 0.01073, params: {'gamma': 50, 'min_child_weight': 190}, mean: 0.88863, std: 0.01053, params: {'gamma': 50, 'min_child_weight': 200}, mean: 0.88830, std: 0.01083, params: {'gamma': 50, 'min_child_weight': 210}, mean: 0.88677, std: 0.01056, params: {'gamma': 60, 'min_child_weight': 190}, mean: 0.88655, std: 0.01087, params: {'gamma': 60, 'min_child_weight': 200}, mean: 0.88660, std: 0.01063, params: {'gamma': 60, 'min_child_weight': 210}]
[2018-08-27 18:46:45,104]: scores: [mean: 0.88968, std: 0.01038, params: {'gamma': 40, 'min_child_weight': 190}, mean: 0.88996, std: 0.01047, params: {'gamma': 40, 'min_child_weight': 200}, mean: 0.88999, std: 0.01027, params: {'gamma': 40, 'min_child_weight': 210}, mean: 0.88840, std: 0.01073, params: {'gamma': 50, 'min_child_weight': 190}, mean: 0.88863, std: 0.01053, params: {'gamma': 50, 'min_child_weight': 200}, mean: 0.88830, std: 0.01083, params: {'gamma': 50, 'min_child_weight': 210}, mean: 0.88677, std: 0.01056, params: {'gamma': 60, 'min_child_weight': 190}, mean: 0.88655, std: 0.01087, params: {'gamma': 60, 'min_child_weight': 200}, mean: 0.88660, std: 0.01063, params: {'gamma': 60, 'min_child_weight': 210}]
[2018-08-27 18:46:45,104]: best params: {'gamma': 40, 'min_child_weight': 210}
[2018-08-27 18:46:45,104]: best params: {'gamma': 40, 'min_child_weight': 210}
[2018-08-27 18:46:45,104]: best scores: 0.8899935833488287
[2018-08-27 18:46:45,104]: best scores: 0.8899935833488287
[2018-08-27 18:46:45,104]: --------------------------------------------------------
[2018-08-27 18:46:45,104]: --------------------------------------------------------
[2018-08-28 11:24:54,331]: Model: xgb
[2018-08-28 11:24:54,331]: means: [0.88862555 0.8891073  0.89007833 0.88910767 0.88971842 0.89012552
 0.88919158 0.8893859  0.88999236 0.88890195 0.88942532 0.89012544
 0.88914503 0.88999358 0.89049233 0.88890088 0.88976479 0.88989923
 0.88889716 0.88926169 0.89013327 0.88917124 0.88968631 0.89014024
 0.88916642 0.88971296 0.89017918]
[2018-08-28 11:24:54,331]: stds: [0.01060889 0.01069974 0.01058956 0.01026705 0.01040715 0.01037959
 0.01031245 0.01025585 0.01043625 0.01039418 0.01035448 0.01040093
 0.01032296 0.01026858 0.01007898 0.01012744 0.01034669 0.01016944
 0.01007884 0.01031603 0.01046067 0.01031267 0.01048045 0.01051884
 0.010286   0.00987005 0.01017877]
[2018-08-28 11:24:54,331]: scores: [mean: 0.88863, std: 0.01061, params: {'colsample_bylevel': 0.7, 'colsample_bytree': 0.7, 'subsample': 0.7}, mean: 0.88911, std: 0.01070, params: {'colsample_bylevel': 0.7, 'colsample_bytree': 0.7, 'subsample': 0.8}, mean: 0.89008, std: 0.01059, params: {'colsample_bylevel': 0.7, 'colsample_bytree': 0.7, 'subsample': 0.9}, mean: 0.88911, std: 0.01027, params: {'colsample_bylevel': 0.7, 'colsample_bytree': 0.8, 'subsample': 0.7}, mean: 0.88972, std: 0.01041, params: {'colsample_bylevel': 0.7, 'colsample_bytree': 0.8, 'subsample': 0.8}, mean: 0.89013, std: 0.01038, params: {'colsample_bylevel': 0.7, 'colsample_bytree': 0.8, 'subsample': 0.9}, mean: 0.88919, std: 0.01031, params: {'colsample_bylevel': 0.7, 'colsample_bytree': 0.9, 'subsample': 0.7}, mean: 0.88939, std: 0.01026, params: {'colsample_bylevel': 0.7, 'colsample_bytree': 0.9, 'subsample': 0.8}, mean: 0.88999, std: 0.01044, params: {'colsample_bylevel': 0.7, 'colsample_bytree': 0.9, 'subsample': 0.9}, mean: 0.88890, std: 0.01039, params: {'colsample_bylevel': 0.8, 'colsample_bytree': 0.7, 'subsample': 0.7}, mean: 0.88943, std: 0.01035, params: {'colsample_bylevel': 0.8, 'colsample_bytree': 0.7, 'subsample': 0.8}, mean: 0.89013, std: 0.01040, params: {'colsample_bylevel': 0.8, 'colsample_bytree': 0.7, 'subsample': 0.9}, mean: 0.88915, std: 0.01032, params: {'colsample_bylevel': 0.8, 'colsample_bytree': 0.8, 'subsample': 0.7}, mean: 0.88999, std: 0.01027, params: {'colsample_bylevel': 0.8, 'colsample_bytree': 0.8, 'subsample': 0.8}, mean: 0.89049, std: 0.01008, params: {'colsample_bylevel': 0.8, 'colsample_bytree': 0.8, 'subsample': 0.9}, mean: 0.88890, std: 0.01013, params: {'colsample_bylevel': 0.8, 'colsample_bytree': 0.9, 'subsample': 0.7}, mean: 0.88976, std: 0.01035, params: {'colsample_bylevel': 0.8, 'colsample_bytree': 0.9, 'subsample': 0.8}, mean: 0.88990, std: 0.01017, params: {'colsample_bylevel': 0.8, 'colsample_bytree': 0.9, 'subsample': 0.9}, mean: 0.88890, std: 0.01008, params: {'colsample_bylevel': 0.9, 'colsample_bytree': 0.7, 'subsample': 0.7}, mean: 0.88926, std: 0.01032, params: {'colsample_bylevel': 0.9, 'colsample_bytree': 0.7, 'subsample': 0.8}, mean: 0.89013, std: 0.01046, params: {'colsample_bylevel': 0.9, 'colsample_bytree': 0.7, 'subsample': 0.9}, mean: 0.88917, std: 0.01031, params: {'colsample_bylevel': 0.9, 'colsample_bytree': 0.8, 'subsample': 0.7}, mean: 0.88969, std: 0.01048, params: {'colsample_bylevel': 0.9, 'colsample_bytree': 0.8, 'subsample': 0.8}, mean: 0.89014, std: 0.01052, params: {'colsample_bylevel': 0.9, 'colsample_bytree': 0.8, 'subsample': 0.9}, mean: 0.88917, std: 0.01029, params: {'colsample_bylevel': 0.9, 'colsample_bytree': 0.9, 'subsample': 0.7}, mean: 0.88971, std: 0.00987, params: {'colsample_bylevel': 0.9, 'colsample_bytree': 0.9, 'subsample': 0.8}, mean: 0.89018, std: 0.01018, params: {'colsample_bylevel': 0.9, 'colsample_bytree': 0.9, 'subsample': 0.9}]
[2018-08-28 11:24:54,331]: best params: {'colsample_bylevel': 0.8, 'colsample_bytree': 0.8, 'subsample': 0.9}
[2018-08-28 11:24:54,331]: best scores: 0.890492334446818
[2018-08-28 11:24:54,331]: --------------------------------------------------------
[2018-08-28 12:03:32,551]: Estimator: xgb
[2018-08-28 12:03:32,551]: Estimator: xgb
[2018-08-28 12:03:32,551]: Estimator: xgb
[2018-08-28 12:03:32,551]: Estimator: xgb
[2018-08-28 12:03:32,739]: parameters: learning_rate=0.100, n_estimators=80, max_depth=12, min_child_weight=210, gamma=40, subsample=0.9, colsample_bytree=0.8, colsample_bylevel=0.8
[2018-08-28 12:03:32,739]: parameters: learning_rate=0.100, n_estimators=80, max_depth=12, min_child_weight=210, gamma=40, subsample=0.9, colsample_bytree=0.8, colsample_bylevel=0.8
[2018-08-28 12:03:32,739]: parameters: learning_rate=0.100, n_estimators=80, max_depth=12, min_child_weight=210, gamma=40, subsample=0.9, colsample_bytree=0.8, colsample_bylevel=0.8
[2018-08-28 12:03:32,739]: parameters: learning_rate=0.100, n_estimators=80, max_depth=12, min_child_weight=210, gamma=40, subsample=0.9, colsample_bytree=0.8, colsample_bylevel=0.8
[2018-08-28 18:14:12,897]: Model: lgbm
[2018-08-28 18:14:12,897]: Model: lgbm
[2018-08-28 18:14:12,898]: means: [0.87887261]
[2018-08-28 18:14:12,898]: means: [0.87887261]
[2018-08-28 18:14:12,898]: stds: [0.01083456]
[2018-08-28 18:14:12,898]: stds: [0.01083456]
[2018-08-28 18:14:12,899]: scores: [mean: 0.87887, std: 0.01083, params: {}]
[2018-08-28 18:14:12,899]: scores: [mean: 0.87887, std: 0.01083, params: {}]
[2018-08-28 18:14:12,899]: best params: {}
[2018-08-28 18:14:12,899]: best params: {}
[2018-08-28 18:14:12,899]: best scores: 0.8788726055846076
[2018-08-28 18:14:12,899]: best scores: 0.8788726055846076
[2018-08-28 18:14:12,899]: --------------------------------------------------------
[2018-08-28 18:14:12,899]: --------------------------------------------------------
[2018-08-28 18:15:23,201]: Estimator: lgbm
[2018-08-28 18:15:23,201]: Estimator: lgbm
[2018-08-28 18:15:23,202]: parameters: learning_rate=0.1, n_estimators=10, max_depth=10, num_leaves=1024, min_child_weight=100, subsample=0.8, colsample_bytree=0.8
[2018-08-28 18:15:23,202]: parameters: learning_rate=0.1, n_estimators=10, max_depth=10, num_leaves=1024, min_child_weight=100, subsample=0.8, colsample_bytree=0.8
[2018-08-28 18:15:23,211]: Accuracy: 0.909744
[2018-08-28 18:15:23,211]: Accuracy: 0.909744
[2018-08-28 18:15:23,235]: AUC: 0.877264
[2018-08-28 18:15:23,235]: AUC: 0.877264
[2018-08-28 18:19:49,010]: Internal Python error in the inspect module.
Below is the traceback from this internal error.

[2018-08-28 18:19:49,010]: Internal Python error in the inspect module.
Below is the traceback from this internal error.

[2018-08-28 18:19:49,083]: 
Unfortunately, your original traceback can not be constructed.

[2018-08-28 18:19:49,083]: 
Unfortunately, your original traceback can not be constructed.

[2018-08-28 18:23:58,323]: Model: lgbm
[2018-08-28 18:23:58,323]: Model: lgbm
[2018-08-28 18:23:58,324]: means: [0.89160963 0.89251441 0.89329243 0.893675   0.89404956 0.89436549]
[2018-08-28 18:23:58,324]: means: [0.89160963 0.89251441 0.89329243 0.893675   0.89404956 0.89436549]
[2018-08-28 18:23:58,325]: stds: [0.01001193 0.0099004  0.0099072  0.00988887 0.00990746 0.00985688]
[2018-08-28 18:23:58,325]: stds: [0.01001193 0.0099004  0.0099072  0.00988887 0.00990746 0.00985688]
[2018-08-28 18:23:58,326]: scores: [mean: 0.89161, std: 0.01001, params: {'n_estimators': 50}, mean: 0.89251, std: 0.00990, params: {'n_estimators': 60}, mean: 0.89329, std: 0.00991, params: {'n_estimators': 70}, mean: 0.89368, std: 0.00989, params: {'n_estimators': 80}, mean: 0.89405, std: 0.00991, params: {'n_estimators': 90}, mean: 0.89437, std: 0.00986, params: {'n_estimators': 100}]
[2018-08-28 18:23:58,326]: scores: [mean: 0.89161, std: 0.01001, params: {'n_estimators': 50}, mean: 0.89251, std: 0.00990, params: {'n_estimators': 60}, mean: 0.89329, std: 0.00991, params: {'n_estimators': 70}, mean: 0.89368, std: 0.00989, params: {'n_estimators': 80}, mean: 0.89405, std: 0.00991, params: {'n_estimators': 90}, mean: 0.89437, std: 0.00986, params: {'n_estimators': 100}]
[2018-08-28 18:23:58,326]: best params: {'n_estimators': 100}
[2018-08-28 18:23:58,326]: best params: {'n_estimators': 100}
[2018-08-28 18:23:58,326]: best scores: 0.8943654873794099
[2018-08-28 18:23:58,326]: best scores: 0.8943654873794099
[2018-08-28 18:23:58,326]: --------------------------------------------------------
[2018-08-28 18:23:58,326]: --------------------------------------------------------
[2018-08-28 18:46:01,558]: Model: lgbm
[2018-08-28 18:46:01,558]: Model: lgbm
[2018-08-28 18:46:01,558]: means: [0.89374572 0.89374572 0.89374572 0.89374572 0.89374572 0.89373495
 0.89373495 0.89373495 0.89373495 0.89373495 0.89436549 0.89436549
 0.89436549 0.89436549 0.89436549 0.89455031 0.89455031 0.89455031
 0.89455031 0.89455031 0.89472761 0.89472761 0.89472761 0.89472761
 0.89472761]
[2018-08-28 18:46:01,558]: means: [0.89374572 0.89374572 0.89374572 0.89374572 0.89374572 0.89373495
 0.89373495 0.89373495 0.89373495 0.89373495 0.89436549 0.89436549
 0.89436549 0.89436549 0.89436549 0.89455031 0.89455031 0.89455031
 0.89455031 0.89455031 0.89472761 0.89472761 0.89472761 0.89472761
 0.89472761]
[2018-08-28 18:46:01,558]: stds: [0.01024344 0.01024344 0.01024344 0.01024344 0.01024344 0.01006026
 0.01006026 0.01006026 0.01006026 0.01006026 0.00985688 0.00985688
 0.00985688 0.00985688 0.00985688 0.01018657 0.01018657 0.01018657
 0.01018657 0.01018657 0.01026183 0.01026183 0.01026183 0.01026183
 0.01026183]
[2018-08-28 18:46:01,558]: stds: [0.01024344 0.01024344 0.01024344 0.01024344 0.01024344 0.01006026
 0.01006026 0.01006026 0.01006026 0.01006026 0.00985688 0.00985688
 0.00985688 0.00985688 0.00985688 0.01018657 0.01018657 0.01018657
 0.01018657 0.01018657 0.01026183 0.01026183 0.01026183 0.01026183
 0.01026183]
[2018-08-28 18:46:01,558]: scores: [mean: 0.89375, std: 0.01024, params: {'max_depth': 8, 'num_leaves': 800}, mean: 0.89375, std: 0.01024, params: {'max_depth': 8, 'num_leaves': 900}, mean: 0.89375, std: 0.01024, params: {'max_depth': 8, 'num_leaves': 1000}, mean: 0.89375, std: 0.01024, params: {'max_depth': 8, 'num_leaves': 1100}, mean: 0.89375, std: 0.01024, params: {'max_depth': 8, 'num_leaves': 1200}, mean: 0.89373, std: 0.01006, params: {'max_depth': 9, 'num_leaves': 800}, mean: 0.89373, std: 0.01006, params: {'max_depth': 9, 'num_leaves': 900}, mean: 0.89373, std: 0.01006, params: {'max_depth': 9, 'num_leaves': 1000}, mean: 0.89373, std: 0.01006, params: {'max_depth': 9, 'num_leaves': 1100}, mean: 0.89373, std: 0.01006, params: {'max_depth': 9, 'num_leaves': 1200}, mean: 0.89437, std: 0.00986, params: {'max_depth': 10, 'num_leaves': 800}, mean: 0.89437, std: 0.00986, params: {'max_depth': 10, 'num_leaves': 900}, mean: 0.89437, std: 0.00986, params: {'max_depth': 10, 'num_leaves': 1000}, mean: 0.89437, std: 0.00986, params: {'max_depth': 10, 'num_leaves': 1100}, mean: 0.89437, std: 0.00986, params: {'max_depth': 10, 'num_leaves': 1200}, mean: 0.89455, std: 0.01019, params: {'max_depth': 11, 'num_leaves': 800}, mean: 0.89455, std: 0.01019, params: {'max_depth': 11, 'num_leaves': 900}, mean: 0.89455, std: 0.01019, params: {'max_depth': 11, 'num_leaves': 1000}, mean: 0.89455, std: 0.01019, params: {'max_depth': 11, 'num_leaves': 1100}, mean: 0.89455, std: 0.01019, params: {'max_depth': 11, 'num_leaves': 1200}, mean: 0.89473, std: 0.01026, params: {'max_depth': 12, 'num_leaves': 800}, mean: 0.89473, std: 0.01026, params: {'max_depth': 12, 'num_leaves': 900}, mean: 0.89473, std: 0.01026, params: {'max_depth': 12, 'num_leaves': 1000}, mean: 0.89473, std: 0.01026, params: {'max_depth': 12, 'num_leaves': 1100}, mean: 0.89473, std: 0.01026, params: {'max_depth': 12, 'num_leaves': 1200}]
[2018-08-28 18:46:01,558]: scores: [mean: 0.89375, std: 0.01024, params: {'max_depth': 8, 'num_leaves': 800}, mean: 0.89375, std: 0.01024, params: {'max_depth': 8, 'num_leaves': 900}, mean: 0.89375, std: 0.01024, params: {'max_depth': 8, 'num_leaves': 1000}, mean: 0.89375, std: 0.01024, params: {'max_depth': 8, 'num_leaves': 1100}, mean: 0.89375, std: 0.01024, params: {'max_depth': 8, 'num_leaves': 1200}, mean: 0.89373, std: 0.01006, params: {'max_depth': 9, 'num_leaves': 800}, mean: 0.89373, std: 0.01006, params: {'max_depth': 9, 'num_leaves': 900}, mean: 0.89373, std: 0.01006, params: {'max_depth': 9, 'num_leaves': 1000}, mean: 0.89373, std: 0.01006, params: {'max_depth': 9, 'num_leaves': 1100}, mean: 0.89373, std: 0.01006, params: {'max_depth': 9, 'num_leaves': 1200}, mean: 0.89437, std: 0.00986, params: {'max_depth': 10, 'num_leaves': 800}, mean: 0.89437, std: 0.00986, params: {'max_depth': 10, 'num_leaves': 900}, mean: 0.89437, std: 0.00986, params: {'max_depth': 10, 'num_leaves': 1000}, mean: 0.89437, std: 0.00986, params: {'max_depth': 10, 'num_leaves': 1100}, mean: 0.89437, std: 0.00986, params: {'max_depth': 10, 'num_leaves': 1200}, mean: 0.89455, std: 0.01019, params: {'max_depth': 11, 'num_leaves': 800}, mean: 0.89455, std: 0.01019, params: {'max_depth': 11, 'num_leaves': 900}, mean: 0.89455, std: 0.01019, params: {'max_depth': 11, 'num_leaves': 1000}, mean: 0.89455, std: 0.01019, params: {'max_depth': 11, 'num_leaves': 1100}, mean: 0.89455, std: 0.01019, params: {'max_depth': 11, 'num_leaves': 1200}, mean: 0.89473, std: 0.01026, params: {'max_depth': 12, 'num_leaves': 800}, mean: 0.89473, std: 0.01026, params: {'max_depth': 12, 'num_leaves': 900}, mean: 0.89473, std: 0.01026, params: {'max_depth': 12, 'num_leaves': 1000}, mean: 0.89473, std: 0.01026, params: {'max_depth': 12, 'num_leaves': 1100}, mean: 0.89473, std: 0.01026, params: {'max_depth': 12, 'num_leaves': 1200}]
[2018-08-28 18:46:01,558]: best params: {'max_depth': 12, 'num_leaves': 800}
[2018-08-28 18:46:01,558]: best params: {'max_depth': 12, 'num_leaves': 800}
[2018-08-28 18:46:01,558]: best scores: 0.8947276065398351
[2018-08-28 18:46:01,558]: best scores: 0.8947276065398351
[2018-08-28 18:46:01,558]: --------------------------------------------------------
[2018-08-28 18:46:01,558]: --------------------------------------------------------
[2018-08-28 21:21:04,797]: Model: lgbm
[2018-08-28 21:21:04,797]: Model: lgbm
[2018-08-28 21:21:04,798]: means: [0.89391325 0.89386075 0.89326511 0.89312562 0.8919826  0.89185013
 0.89100239]
[2018-08-28 21:21:04,798]: means: [0.89391325 0.89386075 0.89326511 0.89312562 0.8919826  0.89185013
 0.89100239]
[2018-08-28 21:21:04,799]: stds: [0.00961212 0.00985742 0.01023527 0.00993683 0.00982809 0.00992108
 0.01005463]
[2018-08-28 21:21:04,799]: stds: [0.00961212 0.00985742 0.01023527 0.00993683 0.00982809 0.00992108
 0.01005463]
[2018-08-28 21:21:04,800]: scores: [mean: 0.89391, std: 0.00961, params: {'min_child_weight': 100}, mean: 0.89386, std: 0.00986, params: {'min_child_weight': 120}, mean: 0.89327, std: 0.01024, params: {'min_child_weight': 140}, mean: 0.89313, std: 0.00994, params: {'min_child_weight': 160}, mean: 0.89198, std: 0.00983, params: {'min_child_weight': 180}, mean: 0.89185, std: 0.00992, params: {'min_child_weight': 200}, mean: 0.89100, std: 0.01005, params: {'min_child_weight': 220}]
[2018-08-28 21:21:04,800]: scores: [mean: 0.89391, std: 0.00961, params: {'min_child_weight': 100}, mean: 0.89386, std: 0.00986, params: {'min_child_weight': 120}, mean: 0.89327, std: 0.01024, params: {'min_child_weight': 140}, mean: 0.89313, std: 0.00994, params: {'min_child_weight': 160}, mean: 0.89198, std: 0.00983, params: {'min_child_weight': 180}, mean: 0.89185, std: 0.00992, params: {'min_child_weight': 200}, mean: 0.89100, std: 0.01005, params: {'min_child_weight': 220}]
[2018-08-28 21:21:04,800]: best params: {'min_child_weight': 100}
[2018-08-28 21:21:04,800]: best params: {'min_child_weight': 100}
[2018-08-28 21:21:04,800]: best scores: 0.8939132482012963
[2018-08-28 21:21:04,800]: best scores: 0.8939132482012963
[2018-08-28 21:21:04,800]: --------------------------------------------------------
[2018-08-28 21:21:04,800]: --------------------------------------------------------
[2018-08-28 21:41:54,610]: Model: lgbm
[2018-08-28 21:41:54,610]: Model: lgbm
[2018-08-28 21:41:54,611]: means: [0.89554011 0.89481152 0.89509287 0.89517379 0.89482279 0.89461665
 0.89391325]
[2018-08-28 21:41:54,611]: means: [0.89554011 0.89481152 0.89509287 0.89517379 0.89482279 0.89461665
 0.89391325]
[2018-08-28 21:41:54,612]: stds: [0.00923433 0.00948476 0.00987538 0.00970837 0.0098451  0.00996062
 0.00961212]
[2018-08-28 21:41:54,612]: stds: [0.00923433 0.00948476 0.00987538 0.00970837 0.0098451  0.00996062
 0.00961212]
[2018-08-28 21:41:54,613]: scores: [mean: 0.89554, std: 0.00923, params: {'min_child_weight': 40}, mean: 0.89481, std: 0.00948, params: {'min_child_weight': 50}, mean: 0.89509, std: 0.00988, params: {'min_child_weight': 60}, mean: 0.89517, std: 0.00971, params: {'min_child_weight': 70}, mean: 0.89482, std: 0.00985, params: {'min_child_weight': 80}, mean: 0.89462, std: 0.00996, params: {'min_child_weight': 90}, mean: 0.89391, std: 0.00961, params: {'min_child_weight': 100}]
[2018-08-28 21:41:54,613]: scores: [mean: 0.89554, std: 0.00923, params: {'min_child_weight': 40}, mean: 0.89481, std: 0.00948, params: {'min_child_weight': 50}, mean: 0.89509, std: 0.00988, params: {'min_child_weight': 60}, mean: 0.89517, std: 0.00971, params: {'min_child_weight': 70}, mean: 0.89482, std: 0.00985, params: {'min_child_weight': 80}, mean: 0.89462, std: 0.00996, params: {'min_child_weight': 90}, mean: 0.89391, std: 0.00961, params: {'min_child_weight': 100}]
[2018-08-28 21:41:54,613]: best params: {'min_child_weight': 40}
[2018-08-28 21:41:54,613]: best params: {'min_child_weight': 40}
[2018-08-28 21:41:54,613]: best scores: 0.8955401146676301
[2018-08-28 21:41:54,613]: best scores: 0.8955401146676301
[2018-08-28 21:41:54,613]: --------------------------------------------------------
[2018-08-28 21:41:54,613]: --------------------------------------------------------
[2018-08-28 21:45:50,879]: Model: lgbm
[2018-08-28 21:45:50,879]: Model: lgbm
[2018-08-28 21:45:50,880]: means: [0.8960447  0.8959994  0.89554011]
[2018-08-28 21:45:50,880]: means: [0.8960447  0.8959994  0.89554011]
[2018-08-28 21:45:50,880]: stds: [0.00933069 0.00932616 0.00923433]
[2018-08-28 21:45:50,880]: stds: [0.00933069 0.00932616 0.00923433]
[2018-08-28 21:45:50,881]: scores: [mean: 0.89604, std: 0.00933, params: {'min_child_weight': 20}, mean: 0.89600, std: 0.00933, params: {'min_child_weight': 30}, mean: 0.89554, std: 0.00923, params: {'min_child_weight': 40}]
[2018-08-28 21:45:50,881]: scores: [mean: 0.89604, std: 0.00933, params: {'min_child_weight': 20}, mean: 0.89600, std: 0.00933, params: {'min_child_weight': 30}, mean: 0.89554, std: 0.00923, params: {'min_child_weight': 40}]
[2018-08-28 21:45:50,881]: best params: {'min_child_weight': 20}
[2018-08-28 21:45:50,881]: best params: {'min_child_weight': 20}
[2018-08-28 21:45:50,881]: best scores: 0.8960446962151064
[2018-08-28 21:45:50,881]: best scores: 0.8960446962151064
[2018-08-28 21:45:50,881]: --------------------------------------------------------
[2018-08-28 21:45:50,881]: --------------------------------------------------------
[2018-08-28 21:58:50,128]: Model: lgbm
[2018-08-28 21:58:50,128]: Model: lgbm
[2018-08-28 21:58:50,129]: means: [0.89514574 0.8959994  0.89643813 0.89650701 0.89645533 0.89635944]
[2018-08-28 21:58:50,129]: means: [0.89514574 0.8959994  0.89643813 0.89650701 0.89645533 0.89635944]
[2018-08-28 21:58:50,129]: stds: [0.00977854 0.00932616 0.00952566 0.00985546 0.00927182 0.00915682]
[2018-08-28 21:58:50,129]: stds: [0.00977854 0.00932616 0.00952566 0.00985546 0.00927182 0.00915682]
[2018-08-28 21:58:50,130]: scores: [mean: 0.89515, std: 0.00978, params: {'max_bin': 30}, mean: 0.89600, std: 0.00933, params: {'max_bin': 50}, mean: 0.89644, std: 0.00953, params: {'max_bin': 70}, mean: 0.89651, std: 0.00986, params: {'max_bin': 90}, mean: 0.89646, std: 0.00927, params: {'max_bin': 110}, mean: 0.89636, std: 0.00916, params: {'max_bin': 130}]
[2018-08-28 21:58:50,130]: scores: [mean: 0.89515, std: 0.00978, params: {'max_bin': 30}, mean: 0.89600, std: 0.00933, params: {'max_bin': 50}, mean: 0.89644, std: 0.00953, params: {'max_bin': 70}, mean: 0.89651, std: 0.00986, params: {'max_bin': 90}, mean: 0.89646, std: 0.00927, params: {'max_bin': 110}, mean: 0.89636, std: 0.00916, params: {'max_bin': 130}]
[2018-08-28 21:58:50,130]: best params: {'max_bin': 90}
[2018-08-28 21:58:50,130]: best params: {'max_bin': 90}
[2018-08-28 21:58:50,130]: best scores: 0.8965070056907016
[2018-08-28 21:58:50,130]: best scores: 0.8965070056907016
[2018-08-28 21:58:50,131]: --------------------------------------------------------
[2018-08-28 21:58:50,131]: --------------------------------------------------------
[2018-08-28 22:03:22,978]: Model: lgbm
[2018-08-28 22:03:22,978]: Model: lgbm
[2018-08-28 22:03:22,979]: means: [0.8962102  0.89650701 0.89672399]
[2018-08-28 22:03:22,979]: means: [0.8962102  0.89650701 0.89672399]
[2018-08-28 22:03:22,979]: stds: [0.00964903 0.00985546 0.00967876]
[2018-08-28 22:03:22,979]: stds: [0.00964903 0.00985546 0.00967876]
[2018-08-28 22:03:22,980]: scores: [mean: 0.89621, std: 0.00965, params: {'max_bin': 80}, mean: 0.89651, std: 0.00986, params: {'max_bin': 90}, mean: 0.89672, std: 0.00968, params: {'max_bin': 100}]
[2018-08-28 22:03:22,980]: scores: [mean: 0.89621, std: 0.00965, params: {'max_bin': 80}, mean: 0.89651, std: 0.00986, params: {'max_bin': 90}, mean: 0.89672, std: 0.00968, params: {'max_bin': 100}]
[2018-08-28 22:03:22,980]: best params: {'max_bin': 100}
[2018-08-28 22:03:22,980]: best params: {'max_bin': 100}
[2018-08-28 22:03:22,980]: best scores: 0.8967239867250221
[2018-08-28 22:03:22,980]: best scores: 0.8967239867250221
[2018-08-28 22:03:22,980]: --------------------------------------------------------
[2018-08-28 22:03:22,980]: --------------------------------------------------------
[2018-08-28 22:23:00,765]: Model: lgbm
[2018-08-28 22:23:00,765]: Model: lgbm
[2018-08-28 22:23:00,766]: means: [0.89654607 0.89654607 0.89654607 0.89672399 0.89672399 0.89672399
 0.89637725 0.89637725 0.89637725]
[2018-08-28 22:23:00,766]: means: [0.89654607 0.89654607 0.89654607 0.89672399 0.89672399 0.89672399
 0.89637725 0.89637725 0.89637725]
[2018-08-28 22:23:00,766]: stds: [0.00961691 0.00961691 0.00961691 0.00967876 0.00967876 0.00967876
 0.00966209 0.00966209 0.00966209]
[2018-08-28 22:23:00,766]: stds: [0.00961691 0.00961691 0.00961691 0.00967876 0.00967876 0.00967876
 0.00966209 0.00966209 0.00966209]
[2018-08-28 22:23:00,768]: scores: [mean: 0.89655, std: 0.00962, params: {'colsample_bytree': 0.7, 'subsample': 0.7}, mean: 0.89655, std: 0.00962, params: {'colsample_bytree': 0.7, 'subsample': 0.8}, mean: 0.89655, std: 0.00962, params: {'colsample_bytree': 0.7, 'subsample': 0.9}, mean: 0.89672, std: 0.00968, params: {'colsample_bytree': 0.8, 'subsample': 0.7}, mean: 0.89672, std: 0.00968, params: {'colsample_bytree': 0.8, 'subsample': 0.8}, mean: 0.89672, std: 0.00968, params: {'colsample_bytree': 0.8, 'subsample': 0.9}, mean: 0.89638, std: 0.00966, params: {'colsample_bytree': 0.9, 'subsample': 0.7}, mean: 0.89638, std: 0.00966, params: {'colsample_bytree': 0.9, 'subsample': 0.8}, mean: 0.89638, std: 0.00966, params: {'colsample_bytree': 0.9, 'subsample': 0.9}]
[2018-08-28 22:23:00,768]: scores: [mean: 0.89655, std: 0.00962, params: {'colsample_bytree': 0.7, 'subsample': 0.7}, mean: 0.89655, std: 0.00962, params: {'colsample_bytree': 0.7, 'subsample': 0.8}, mean: 0.89655, std: 0.00962, params: {'colsample_bytree': 0.7, 'subsample': 0.9}, mean: 0.89672, std: 0.00968, params: {'colsample_bytree': 0.8, 'subsample': 0.7}, mean: 0.89672, std: 0.00968, params: {'colsample_bytree': 0.8, 'subsample': 0.8}, mean: 0.89672, std: 0.00968, params: {'colsample_bytree': 0.8, 'subsample': 0.9}, mean: 0.89638, std: 0.00966, params: {'colsample_bytree': 0.9, 'subsample': 0.7}, mean: 0.89638, std: 0.00966, params: {'colsample_bytree': 0.9, 'subsample': 0.8}, mean: 0.89638, std: 0.00966, params: {'colsample_bytree': 0.9, 'subsample': 0.9}]
[2018-08-28 22:23:00,768]: best params: {'colsample_bytree': 0.8, 'subsample': 0.7}
[2018-08-28 22:23:00,768]: best params: {'colsample_bytree': 0.8, 'subsample': 0.7}
[2018-08-28 22:23:00,768]: best scores: 0.8967239867250221
[2018-08-28 22:23:00,768]: best scores: 0.8967239867250221
[2018-08-28 22:23:00,768]: --------------------------------------------------------
[2018-08-28 22:23:00,768]: --------------------------------------------------------
[2018-08-28 22:43:42,104]: Estimator: lgbm
[2018-08-28 22:43:42,104]: Estimator: lgbm
[2018-08-28 22:43:42,105]: parameters: learning_rate=0.1, n_estimators=100, max_depth=12, num_leaves=800, min_child_weight=30, subsample=0.8, colsample_bytree=0.8
[2018-08-28 22:43:42,105]: parameters: learning_rate=0.1, n_estimators=100, max_depth=12, num_leaves=800, min_child_weight=30, subsample=0.8, colsample_bytree=0.8
