[2018-08-09 15:09:31,431]: means: [0.66491592 0.83447685]
[2018-08-09 15:09:31,431]: stds: [0.00497996 0.00274838]
[2018-08-09 15:09:31,431]: scores: [mean: 0.66492, std: 0.00498, params: {'n_estimators': 1}, mean: 0.83448, std: 0.00275, params: {'n_estimators': 11}]
[2018-08-09 15:09:31,431]: best params: {'n_estimators': 11}
[2018-08-09 15:09:31,431]: best scores: 0.8344768492307686
[2018-08-09 15:28:41,475]: means: [0.66491592 0.83447685]
[2018-08-09 15:28:41,475]: stds: [0.00497996 0.00274838]
[2018-08-09 15:28:41,475]: scores: [mean: 0.66492, std: 0.00498, params: {'n_estimators': 1}, mean: 0.83448, std: 0.00275, params: {'n_estimators': 11}]
[2018-08-09 15:28:41,475]: best params: {'n_estimators': 11}
[2018-08-09 15:28:41,475]: best scores: 0.8344768492307686
[2018-08-09 15:28:41,475]: params
[2018-08-09 15:37:20,882]: means: [0.66491592 0.83447685]
[2018-08-09 15:37:20,882]: stds: [0.00497996 0.00274838]
[2018-08-09 15:37:20,882]: scores: [mean: 0.66492, std: 0.00498, params: {'n_estimators': 1}, mean: 0.83448, std: 0.00275, params: {'n_estimators': 11}]
[2018-08-09 15:37:20,882]: best params: {'n_estimators': 11}
[2018-08-09 15:37:20,882]: best scores: 0.8344768492307686
[2018-08-09 15:42:18,686]: means: [0.66491592 0.83447685 0.85369839 0.86161915 0.86542173]
[2018-08-09 15:42:18,686]: stds: [0.00497996 0.00274838 0.00182785 0.0020166  0.00233544]
[2018-08-09 15:42:18,686]: scores: [mean: 0.66492, std: 0.00498, params: {'n_estimators': 1}, mean: 0.83448, std: 0.00275, params: {'n_estimators': 11}, mean: 0.85370, std: 0.00183, params: {'n_estimators': 21}, mean: 0.86162, std: 0.00202, params: {'n_estimators': 31}, mean: 0.86542, std: 0.00234, params: {'n_estimators': 41}]
[2018-08-09 15:42:18,686]: best params: {'n_estimators': 41}
[2018-08-09 15:42:18,686]: best scores: 0.8654217310614155
[2018-08-09 15:51:45,279]: means: [0.66491592 0.83447685 0.85369839 0.86161915 0.86542173 0.86834354
 0.86990671 0.87151374 0.87242711 0.87282571 0.87344048]
[2018-08-09 15:51:45,279]: stds: [0.00497996 0.00274838 0.00182785 0.0020166  0.00233544 0.00289478
 0.00210095 0.00215908 0.00258409 0.00259457 0.00252468]
[2018-08-09 15:51:45,279]: scores: [mean: 0.66492, std: 0.00498, params: {'n_estimators': 1}, mean: 0.83448, std: 0.00275, params: {'n_estimators': 11}, mean: 0.85370, std: 0.00183, params: {'n_estimators': 21}, mean: 0.86162, std: 0.00202, params: {'n_estimators': 31}, mean: 0.86542, std: 0.00234, params: {'n_estimators': 41}, mean: 0.86834, std: 0.00289, params: {'n_estimators': 51}, mean: 0.86991, std: 0.00210, params: {'n_estimators': 61}, mean: 0.87151, std: 0.00216, params: {'n_estimators': 71}, mean: 0.87243, std: 0.00258, params: {'n_estimators': 81}, mean: 0.87283, std: 0.00259, params: {'n_estimators': 91}, mean: 0.87344, std: 0.00252, params: {'n_estimators': 101}]
[2018-08-09 15:51:45,279]: best params: {'n_estimators': 101}
[2018-08-09 15:51:45,279]: best scores: 0.8734404842990161
[2018-08-09 15:51:45,279]: --------------------------------------------------------
[2018-08-09 16:02:14,047]: means: [0.87141543 0.871934  ]
[2018-08-09 16:02:14,048]: stds: [0.00209244 0.00252062]
[2018-08-09 16:02:14,049]: scores: [mean: 0.87142, std: 0.00209, params: {'criterion': 'gini'}, mean: 0.87193, std: 0.00252, params: {'criterion': 'entropy'}]
[2018-08-09 16:02:14,049]: best params: {'criterion': 'entropy'}
[2018-08-09 16:02:14,050]: best scores: 0.8719339993578669
[2018-08-09 16:02:14,050]: scorer_: make_scorer(roc_auc_score, needs_threshold=True)
[2018-08-09 16:02:14,050]: --------------------------------------------------------
[2018-08-09 16:14:18,217]: means: [0.87679076 0.88150305 0.87496028 0.8711401  0.87129319 0.87141543
 0.87141543 0.87141543 0.87141543 0.87141543]
[2018-08-09 16:14:18,217]: stds: [0.00261199 0.00292491 0.00206841 0.00143723 0.00206421 0.00209244
 0.00209244 0.00209244 0.00209244 0.00209244]
[2018-08-09 16:14:18,217]: scores: [mean: 0.87679, std: 0.00261, params: {'max_depth': 10}, mean: 0.88150, std: 0.00292, params: {'max_depth': 20}, mean: 0.87496, std: 0.00207, params: {'max_depth': 30}, mean: 0.87114, std: 0.00144, params: {'max_depth': 40}, mean: 0.87129, std: 0.00206, params: {'max_depth': 50}, mean: 0.87142, std: 0.00209, params: {'max_depth': 60}, mean: 0.87142, std: 0.00209, params: {'max_depth': 70}, mean: 0.87142, std: 0.00209, params: {'max_depth': 80}, mean: 0.87142, std: 0.00209, params: {'max_depth': 90}, mean: 0.87142, std: 0.00209, params: {'max_depth': 100}]
[2018-08-09 16:14:18,217]: best params: {'max_depth': 20}
[2018-08-09 16:14:18,217]: best scores: 0.881503052973797
[2018-08-09 16:14:18,217]: --------------------------------------------------------
[2018-08-09 16:30:50,470]: means: [0.8711401  0.87466967 0.87618919 0.8758915  0.87841603 0.87898434
 0.87920902 0.87982594 0.88007148 0.88044814]
[2018-08-09 16:30:50,470]: stds: [0.00143723 0.00209057 0.00182052 0.00124979 0.00140527 0.00176155
 0.00163013 0.0011939  0.00175698 0.001188  ]
[2018-08-09 16:30:50,470]: scores: [mean: 0.87114, std: 0.00144, params: {'min_samples_split': 2}, mean: 0.87467, std: 0.00209, params: {'min_samples_split': 3}, mean: 0.87619, std: 0.00182, params: {'min_samples_split': 4}, mean: 0.87589, std: 0.00125, params: {'min_samples_split': 5}, mean: 0.87842, std: 0.00141, params: {'min_samples_split': 6}, mean: 0.87898, std: 0.00176, params: {'min_samples_split': 7}, mean: 0.87921, std: 0.00163, params: {'min_samples_split': 8}, mean: 0.87983, std: 0.00119, params: {'min_samples_split': 9}, mean: 0.88007, std: 0.00176, params: {'min_samples_split': 10}, mean: 0.88045, std: 0.00119, params: {'min_samples_split': 11}]
[2018-08-09 16:30:50,470]: best params: {'min_samples_split': 11}
[2018-08-09 16:30:50,470]: best scores: 0.8804481398755555
[2018-08-09 16:30:50,470]: --------------------------------------------------------
[2018-08-09 16:41:51,952]: means: [0.88044814 0.8822755  0.88283725 0.88280239 0.88350442 0.88392947
 0.88399565 0.88436387 0.88466906 0.88395405]
[2018-08-09 16:41:51,952]: stds: [0.001188   0.00083812 0.00126474 0.00087749 0.00122476 0.00108617
 0.00140279 0.00099251 0.00122976 0.00104928]
[2018-08-09 16:41:51,967]: scores: [mean: 0.88045, std: 0.00119, params: {'min_samples_leaf': 1}, mean: 0.88228, std: 0.00084, params: {'min_samples_leaf': 2}, mean: 0.88284, std: 0.00126, params: {'min_samples_leaf': 3}, mean: 0.88280, std: 0.00088, params: {'min_samples_leaf': 4}, mean: 0.88350, std: 0.00122, params: {'min_samples_leaf': 5}, mean: 0.88393, std: 0.00109, params: {'min_samples_leaf': 6}, mean: 0.88400, std: 0.00140, params: {'min_samples_leaf': 7}, mean: 0.88436, std: 0.00099, params: {'min_samples_leaf': 8}, mean: 0.88467, std: 0.00123, params: {'min_samples_leaf': 9}, mean: 0.88395, std: 0.00105, params: {'min_samples_leaf': 10}]
[2018-08-09 16:41:51,967]: best params: {'min_samples_leaf': 9}
[2018-08-09 16:41:51,967]: best scores: 0.884669056227383
[2018-08-09 16:41:51,967]: --------------------------------------------------------
[2018-08-09 16:50:35,268]: means: [0.88208886 0.88312056 0.88374884 0.88466906 0.88428644 0.88474999
 0.88426509 0.88465174]
[2018-08-09 16:50:35,268]: stds: [0.00219542 0.00127637 0.00115033 0.00122976 0.00167214 0.00101909
 0.00087119 0.00120076]
[2018-08-09 16:50:35,268]: scores: [mean: 0.88209, std: 0.00220, params: {'max_features': 5}, mean: 0.88312, std: 0.00128, params: {'max_features': 6}, mean: 0.88375, std: 0.00115, params: {'max_features': 7}, mean: 0.88467, std: 0.00123, params: {'max_features': 8}, mean: 0.88429, std: 0.00167, params: {'max_features': 9}, mean: 0.88475, std: 0.00102, params: {'max_features': 10}, mean: 0.88427, std: 0.00087, params: {'max_features': 11}, mean: 0.88465, std: 0.00120, params: {'max_features': 12}]
[2018-08-09 16:50:35,284]: best params: {'max_features': 10}
[2018-08-09 16:50:35,284]: best scores: 0.8847499871063514
[2018-08-09 16:50:35,284]: --------------------------------------------------------
[2018-08-09 17:14:45,736]: Estimator: rf
[2018-08-09 17:14:45,736]: Params: {'bootstrap': True, 'class_weight': None, 'criterion': 'gini', 'max_depth': 40, 'max_features': 11, 'max_leaf_nodes': None, 'min_impurity_decrease': 0.0, 'min_impurity_split': None, 'min_samples_leaf': 9, 'min_samples_split': 11, 'min_weight_fraction_leaf': 0.0, 'n_estimators': 70, 'n_jobs': 1, 'oob_score': False, 'random_state': 0, 'verbose': 0, 'warm_start': False}
[2018-08-09 17:14:45,760]: Accuracy: 0.927616
[2018-08-09 17:14:45,791]: AUC: 0.895286
[2018-08-10 09:07:36,352]: means: [0.86812912 0.88193958 0.88531248 0.88716372 0.88776316 0.88823934
 0.88908019 0.88923561 0.88957359 0.88968255]
[2018-08-10 09:07:36,353]: stds: [0.01281608 0.01193878 0.01285446 0.01048482 0.01137075 0.01153205
 0.01124671 0.01121879 0.01162056 0.01144858]
[2018-08-10 09:07:36,353]: scores: [mean: 0.86813, std: 0.01282, params: {'min_samples_leaf': 1}, mean: 0.88194, std: 0.01194, params: {'min_samples_leaf': 2}, mean: 0.88531, std: 0.01285, params: {'min_samples_leaf': 3}, mean: 0.88716, std: 0.01048, params: {'min_samples_leaf': 4}, mean: 0.88776, std: 0.01137, params: {'min_samples_leaf': 5}, mean: 0.88824, std: 0.01153, params: {'min_samples_leaf': 6}, mean: 0.88908, std: 0.01125, params: {'min_samples_leaf': 7}, mean: 0.88924, std: 0.01122, params: {'min_samples_leaf': 8}, mean: 0.88957, std: 0.01162, params: {'min_samples_leaf': 9}, mean: 0.88968, std: 0.01145, params: {'min_samples_leaf': 10}]
[2018-08-10 09:07:36,354]: best params: {'min_samples_leaf': 10}
[2018-08-10 09:07:36,354]: best scores: 0.8896825546858759
[2018-08-10 09:07:36,354]: --------------------------------------------------------
[2018-08-10 09:36:34,989]: means: [0.867252   0.86750133 0.86830221 0.86812912 0.86842254 0.86885322
 0.86825239 0.86897608]
[2018-08-10 09:36:34,989]: stds: [0.01194764 0.0126725  0.01292228 0.01281608 0.01238344 0.01197373
 0.01292714 0.01227132]
[2018-08-10 09:36:34,989]: scores: [mean: 0.86725, std: 0.01195, params: {'max_features': 5}, mean: 0.86750, std: 0.01267, params: {'max_features': 6}, mean: 0.86830, std: 0.01292, params: {'max_features': 7}, mean: 0.86813, std: 0.01282, params: {'max_features': 8}, mean: 0.86842, std: 0.01238, params: {'max_features': 9}, mean: 0.86885, std: 0.01197, params: {'max_features': 10}, mean: 0.86825, std: 0.01293, params: {'max_features': 11}, mean: 0.86898, std: 0.01227, params: {'max_features': 12}]
[2018-08-10 09:36:34,989]: best params: {'max_features': 12}
[2018-08-10 09:36:34,989]: best scores: 0.8689760830521365
[2018-08-10 09:36:34,989]: --------------------------------------------------------
[2018-08-10 09:55:53,675]: means: [0.86750133 0.86812912 0.86885322 0.86897608 0.867539   0.86794111
 0.8683482  0.86904304 0.86687331 0.86718683 0.8682621 ]
[2018-08-10 09:55:53,675]: stds: [0.0126725  0.01281608 0.01197373 0.01227132 0.01312    0.01325709
 0.0136065  0.01238952 0.01267845 0.01171144 0.01270255]
[2018-08-10 09:55:53,675]: scores: [mean: 0.86750, std: 0.01267, params: {'max_features': 6}, mean: 0.86813, std: 0.01282, params: {'max_features': 8}, mean: 0.86885, std: 0.01197, params: {'max_features': 10}, mean: 0.86898, std: 0.01227, params: {'max_features': 12}, mean: 0.86754, std: 0.01312, params: {'max_features': 14}, mean: 0.86794, std: 0.01326, params: {'max_features': 16}, mean: 0.86835, std: 0.01361, params: {'max_features': 18}, mean: 0.86904, std: 0.01239, params: {'max_features': 20}, mean: 0.86687, std: 0.01268, params: {'max_features': 22}, mean: 0.86719, std: 0.01171, params: {'max_features': 24}, mean: 0.86826, std: 0.01270, params: {'max_features': 26}]
[2018-08-10 09:55:53,675]: best params: {'max_features': 20}
[2018-08-10 09:55:53,675]: best scores: 0.8690430355691836
[2018-08-10 09:55:53,675]: --------------------------------------------------------
[2018-08-10 10:36:39,359]: means: [0.8663311  0.86731356]
[2018-08-10 10:36:39,360]: stds: [0.01254249 0.01298259]
[2018-08-10 10:36:39,361]: scores: [mean: 0.86633, std: 0.01254, params: {'max_features': 8}, mean: 0.86731, std: 0.01298, params: {'max_features': 9}]
[2018-08-10 10:36:39,361]: best params: {'max_features': 9}
[2018-08-10 10:36:39,362]: best scores: 0.8673135570877332
[2018-08-10 10:36:39,362]: --------------------------------------------------------
[2018-08-10 10:46:39,589]: means: [0.8663311  0.86731356]
[2018-08-10 10:46:39,589]: stds: [0.01254249 0.01298259]
[2018-08-10 10:46:39,589]: scores: [mean: 0.86633, std: 0.01254, params: {'max_features': 8}, mean: 0.86731, std: 0.01298, params: {'max_features': 9}]
[2018-08-10 10:46:39,589]: best params: {'max_features': 9}
[2018-08-10 10:46:39,589]: best scores: 0.8673135570877332
[2018-08-10 10:46:39,589]: --------------------------------------------------------
[2018-08-10 11:12:07,225]: means: [0.8663311  0.86731356 0.86707824 0.86829977 0.86754808 0.86741556
 0.86801825 0.86772211 0.86911244 0.86924123 0.86895297 0.86930623]
[2018-08-10 11:12:07,225]: stds: [0.01254249 0.01298259 0.01167191 0.01200163 0.01222279 0.01314618
 0.01263117 0.01304784 0.01318121 0.01240038 0.01265871 0.01305008]
[2018-08-10 11:12:07,225]: scores: [mean: 0.86633, std: 0.01254, params: {'max_features': 8}, mean: 0.86731, std: 0.01298, params: {'max_features': 9}, mean: 0.86708, std: 0.01167, params: {'max_features': 10}, mean: 0.86830, std: 0.01200, params: {'max_features': 11}, mean: 0.86755, std: 0.01222, params: {'max_features': 12}, mean: 0.86742, std: 0.01315, params: {'max_features': 13}, mean: 0.86802, std: 0.01263, params: {'max_features': 14}, mean: 0.86772, std: 0.01305, params: {'max_features': 15}, mean: 0.86911, std: 0.01318, params: {'max_features': 16}, mean: 0.86924, std: 0.01240, params: {'max_features': 17}, mean: 0.86895, std: 0.01266, params: {'max_features': 18}, mean: 0.86931, std: 0.01305, params: {'max_features': 19}]
[2018-08-10 11:12:07,225]: best params: {'max_features': 19}
[2018-08-10 11:12:07,225]: best scores: 0.8693062266492977
[2018-08-10 11:12:07,225]: --------------------------------------------------------
[2018-08-10 11:54:44,740]: means: [0.86930623 0.86818764 0.86826333 0.86877946 0.86794011 0.8673867
 0.86783168 0.86726858 0.86869927 0.86850535 0.86805438]
[2018-08-10 11:54:44,740]: stds: [0.01305008 0.01385765 0.01226718 0.01294023 0.01279102 0.01283513
 0.01332656 0.0133602  0.0129868  0.01246344 0.01242575]
[2018-08-10 11:54:44,755]: scores: [mean: 0.86931, std: 0.01305, params: {'max_features': 19}, mean: 0.86819, std: 0.01386, params: {'max_features': 20}, mean: 0.86826, std: 0.01227, params: {'max_features': 21}, mean: 0.86878, std: 0.01294, params: {'max_features': 22}, mean: 0.86794, std: 0.01279, params: {'max_features': 23}, mean: 0.86739, std: 0.01284, params: {'max_features': 24}, mean: 0.86783, std: 0.01333, params: {'max_features': 25}, mean: 0.86727, std: 0.01336, params: {'max_features': 26}, mean: 0.86870, std: 0.01299, params: {'max_features': 27}, mean: 0.86851, std: 0.01246, params: {'max_features': 28}, mean: 0.86805, std: 0.01243, params: {'max_features': 29}]
[2018-08-10 11:54:44,755]: best params: {'max_features': 19}
[2018-08-10 11:54:44,755]: best scores: 0.8693062266492977
[2018-08-10 11:54:44,755]: --------------------------------------------------------
[2018-08-10 12:14:22,090]: means: [0.86930623 0.88731312 0.88963734 0.89072371 0.89099852 0.89096629
 0.89131192 0.89064439 0.89022079 0.89031387 0.88995397]
[2018-08-10 12:14:22,090]: stds: [0.01305008 0.0124159  0.01227221 0.01227084 0.01186275 0.01149873
 0.01151866 0.01141998 0.01173463 0.01109486 0.0112783 ]
[2018-08-10 12:14:22,090]: scores: [mean: 0.86931, std: 0.01305, params: {'min_samples_leaf': 1}, mean: 0.88731, std: 0.01242, params: {'min_samples_leaf': 6}, mean: 0.88964, std: 0.01227, params: {'min_samples_leaf': 11}, mean: 0.89072, std: 0.01227, params: {'min_samples_leaf': 16}, mean: 0.89100, std: 0.01186, params: {'min_samples_leaf': 21}, mean: 0.89097, std: 0.01150, params: {'min_samples_leaf': 26}, mean: 0.89131, std: 0.01152, params: {'min_samples_leaf': 31}, mean: 0.89064, std: 0.01142, params: {'min_samples_leaf': 36}, mean: 0.89022, std: 0.01173, params: {'min_samples_leaf': 41}, mean: 0.89031, std: 0.01109, params: {'min_samples_leaf': 46}, mean: 0.88995, std: 0.01128, params: {'min_samples_leaf': 51}]
[2018-08-10 12:14:22,090]: best params: {'min_samples_leaf': 31}
[2018-08-10 12:14:22,090]: best scores: 0.8913119199813679
[2018-08-10 12:14:22,090]: --------------------------------------------------------
[2018-08-10 12:59:59,784]: means: [0.89131192 0.89131192 0.89131192 0.89131192 0.89131192 0.89131192
 0.89131192 0.89131192 0.89131192 0.89131192 0.89131192]
[2018-08-10 12:59:59,786]: stds: [0.01151866 0.01151866 0.01151866 0.01151866 0.01151866 0.01151866
 0.01151866 0.01151866 0.01151866 0.01151866 0.01151866]
[2018-08-10 12:59:59,788]: scores: [mean: 0.89131, std: 0.01152, params: {'min_samples_split': 2}, mean: 0.89131, std: 0.01152, params: {'min_samples_split': 7}, mean: 0.89131, std: 0.01152, params: {'min_samples_split': 12}, mean: 0.89131, std: 0.01152, params: {'min_samples_split': 17}, mean: 0.89131, std: 0.01152, params: {'min_samples_split': 22}, mean: 0.89131, std: 0.01152, params: {'min_samples_split': 27}, mean: 0.89131, std: 0.01152, params: {'min_samples_split': 32}, mean: 0.89131, std: 0.01152, params: {'min_samples_split': 37}, mean: 0.89131, std: 0.01152, params: {'min_samples_split': 42}, mean: 0.89131, std: 0.01152, params: {'min_samples_split': 47}, mean: 0.89131, std: 0.01152, params: {'min_samples_split': 52}]
[2018-08-10 12:59:59,789]: best params: {'min_samples_split': 2}
[2018-08-10 12:59:59,789]: best scores: 0.8913119199813679
[2018-08-10 12:59:59,789]: --------------------------------------------------------
[2018-08-10 13:09:39,637]: means: [0.89131192 0.89067607 0.88955465 0.88868806]
[2018-08-10 13:09:39,638]: stds: [0.01151866 0.01151699 0.0114573  0.01088923]
[2018-08-10 13:09:39,638]: scores: [mean: 0.89131, std: 0.01152, params: {'min_samples_split': 2}, mean: 0.89068, std: 0.01152, params: {'min_samples_split': 102}, mean: 0.88955, std: 0.01146, params: {'min_samples_split': 202}, mean: 0.88869, std: 0.01089, params: {'min_samples_split': 302}]
[2018-08-10 13:09:39,639]: best params: {'min_samples_split': 2}
[2018-08-10 13:09:39,639]: best scores: 0.8913119199813679
[2018-08-10 13:09:39,639]: --------------------------------------------------------
[2018-08-10 13:45:53,397]: means: [0.88566044 0.89133335 0.89144624 0.89132848 0.89131192 0.89131192
 0.89131192 0.89131192 0.89131192 0.89131192 0.89131192 0.89131192
 0.89131192 0.89131192 0.89131192]
[2018-08-10 13:45:53,398]: stds: [0.01200139 0.0111668  0.01145119 0.01151441 0.01151866 0.01151866
 0.01151866 0.01151866 0.01151866 0.01151866 0.01151866 0.01151866
 0.01151866 0.01151866 0.01151866]
[2018-08-10 13:45:53,399]: scores: [mean: 0.88566, std: 0.01200, params: {'max_depth': 10}, mean: 0.89133, std: 0.01117, params: {'max_depth': 20}, mean: 0.89145, std: 0.01145, params: {'max_depth': 30}, mean: 0.89133, std: 0.01151, params: {'max_depth': 40}, mean: 0.89131, std: 0.01152, params: {'max_depth': 50}, mean: 0.89131, std: 0.01152, params: {'max_depth': 60}, mean: 0.89131, std: 0.01152, params: {'max_depth': 70}, mean: 0.89131, std: 0.01152, params: {'max_depth': 80}, mean: 0.89131, std: 0.01152, params: {'max_depth': 90}, mean: 0.89131, std: 0.01152, params: {'max_depth': 100}, mean: 0.89131, std: 0.01152, params: {'max_depth': 110}, mean: 0.89131, std: 0.01152, params: {'max_depth': 120}, mean: 0.89131, std: 0.01152, params: {'max_depth': 130}, mean: 0.89131, std: 0.01152, params: {'max_depth': 140}, mean: 0.89131, std: 0.01152, params: {'max_depth': 150}]
[2018-08-10 13:45:53,399]: best params: {'max_depth': 30}
[2018-08-10 13:45:53,400]: best scores: 0.8914462408462135
[2018-08-10 13:45:53,400]: --------------------------------------------------------
[2018-08-10 13:58:55,675]: means: [0.89133335 0.89110395 0.89144624 0.89130224]
[2018-08-10 13:58:55,676]: stds: [0.0111668  0.01138194 0.01145119 0.01149619]
[2018-08-10 13:58:55,677]: scores: [mean: 0.89133, std: 0.01117, params: {'max_depth': 20}, mean: 0.89110, std: 0.01138, params: {'max_depth': 25}, mean: 0.89145, std: 0.01145, params: {'max_depth': 30}, mean: 0.89130, std: 0.01150, params: {'max_depth': 35}]
[2018-08-10 13:58:55,678]: best params: {'max_depth': 30}
[2018-08-10 13:58:55,678]: best scores: 0.8914462408462135
[2018-08-10 13:58:55,678]: --------------------------------------------------------
[2018-08-10 14:15:10,572]: means: [0.89144624 0.89144624 0.89144624 0.89144624 0.89144624 0.89144624]
[2018-08-10 14:15:10,572]: stds: [0.01145119 0.01145119 0.01145119 0.01145119 0.01145119 0.01145119]
[2018-08-10 14:15:10,573]: scores: [mean: 0.89145, std: 0.01145, params: {'min_samples_split': 2}, mean: 0.89145, std: 0.01145, params: {'min_samples_split': 12}, mean: 0.89145, std: 0.01145, params: {'min_samples_split': 22}, mean: 0.89145, std: 0.01145, params: {'min_samples_split': 32}, mean: 0.89145, std: 0.01145, params: {'min_samples_split': 42}, mean: 0.89145, std: 0.01145, params: {'min_samples_split': 52}]
[2018-08-10 14:15:10,573]: best params: {'min_samples_split': 2}
[2018-08-10 14:15:10,573]: best scores: 0.8914462408462135
[2018-08-10 14:15:10,573]: --------------------------------------------------------
[2018-08-10 14:32:14,983]: means: [0.87590826 0.88764234 0.89049259 0.89086383 0.89105492 0.89103133
 0.89144624 0.89070155 0.89033335 0.89031483 0.89005587]
[2018-08-10 14:32:14,984]: stds: [0.0126096  0.01139458 0.01165687 0.01181634 0.01212217 0.01128438
 0.01145119 0.01142699 0.0117753  0.01117146 0.01129552]
[2018-08-10 14:32:14,985]: scores: [mean: 0.87591, std: 0.01261, params: {'min_samples_leaf': 1}, mean: 0.88764, std: 0.01139, params: {'min_samples_leaf': 6}, mean: 0.89049, std: 0.01166, params: {'min_samples_leaf': 11}, mean: 0.89086, std: 0.01182, params: {'min_samples_leaf': 16}, mean: 0.89105, std: 0.01212, params: {'min_samples_leaf': 21}, mean: 0.89103, std: 0.01128, params: {'min_samples_leaf': 26}, mean: 0.89145, std: 0.01145, params: {'min_samples_leaf': 31}, mean: 0.89070, std: 0.01143, params: {'min_samples_leaf': 36}, mean: 0.89033, std: 0.01178, params: {'min_samples_leaf': 41}, mean: 0.89031, std: 0.01117, params: {'min_samples_leaf': 46}, mean: 0.89006, std: 0.01130, params: {'min_samples_leaf': 51}]
[2018-08-10 14:32:14,985]: best params: {'min_samples_leaf': 31}
[2018-08-10 14:32:14,985]: best scores: 0.8914462408462135
[2018-08-10 14:32:14,985]: --------------------------------------------------------
[2018-08-10 14:42:15,313]: Estimator: rf
[2018-08-10 14:42:15,315]: Params: {'bootstrap': True, 'class_weight': None, 'criterion': 'gini', 'max_depth': 30, 'max_features': 19, 'max_leaf_nodes': None, 'min_impurity_decrease': 0.0, 'min_impurity_split': None, 'min_samples_leaf': 31, 'min_samples_split': 2, 'min_weight_fraction_leaf': 0.0, 'n_estimators': 70, 'n_jobs': 1, 'oob_score': False, 'random_state': 0, 'verbose': 0, 'warm_start': False}
[2018-08-10 14:42:15,329]: Accuracy: 0.916709
[2018-08-10 14:42:15,370]: AUC: 0.887083
[2018-08-10 15:08:05,525]: Estimator: rf
[2018-08-10 15:08:05,527]: Params: {'bootstrap': True, 'class_weight': None, 'criterion': 'gini', 'max_depth': 30, 'max_features': 19, 'max_leaf_nodes': None, 'min_impurity_decrease': 0.0, 'min_impurity_split': None, 'min_samples_leaf': 31, 'min_samples_split': 2, 'min_weight_fraction_leaf': 0.0, 'n_estimators': 350, 'n_jobs': 1, 'oob_score': False, 'random_state': 0, 'verbose': 32, 'warm_start': False}
[2018-08-10 15:08:05,546]: Accuracy: 0.916771
[2018-08-10 15:08:05,595]: AUC: 0.887550
[2018-08-10 07:41:55,150]: Estimator: rf
[2018-08-10 07:41:55,151]: Params: {'bootstrap': True, 'class_weight': None, 'criterion': 'gini', 'max_depth': 30, 'max_features': 19, 'max_leaf_nodes': None, 'min_impurity_decrease': 0.0, 'min_impurity_split': None, 'min_samples_leaf': 31, 'min_samples_split': 2, 'min_weight_fraction_leaf': 0.0, 'n_estimators': 700, 'n_jobs': 1, 'oob_score': False, 'random_state': 0, 'verbose': 32, 'warm_start': False}
[2018-08-10 07:41:55,157]: Accuracy: 0.917033
[2018-08-10 07:41:55,177]: AUC: 0.887600
[2018-08-10 08:21:15,067]: Estimator: rf
[2018-08-10 08:21:15,068]: Params: {'bootstrap': True, 'class_weight': None, 'criterion': 'gini', 'max_depth': 30, 'max_features': 19, 'max_leaf_nodes': None, 'min_impurity_decrease': 0.0, 'min_impurity_split': None, 'min_samples_leaf': 31, 'min_samples_split': 2, 'min_weight_fraction_leaf': 0.0, 'n_estimators': 1400, 'n_jobs': 1, 'oob_score': False, 'random_state': 0, 'verbose': 32, 'warm_start': False}
[2018-08-10 08:21:15,073]: Accuracy: 0.916970
[2018-08-10 08:21:15,088]: AUC: 0.887655
[2018-08-10 15:55:05,322]: Model: gbdt
[2018-08-10 15:55:05,323]: means: [0.86744061 0.87202897 0.87613908 0.87870753 0.88072423 0.88188517
 0.88322949 0.88377023 0.88433107]
[2018-08-10 15:55:05,324]: stds: [0.01167505 0.0117538  0.01163718 0.01147963 0.01124377 0.01095923
 0.01079701 0.01063259 0.0107217 ]
[2018-08-10 15:55:05,327]: scores: [mean: 0.86744, std: 0.01168, params: {'n_estimators': 20}, mean: 0.87203, std: 0.01175, params: {'n_estimators': 30}, mean: 0.87614, std: 0.01164, params: {'n_estimators': 40}, mean: 0.87871, std: 0.01148, params: {'n_estimators': 50}, mean: 0.88072, std: 0.01124, params: {'n_estimators': 60}, mean: 0.88189, std: 0.01096, params: {'n_estimators': 70}, mean: 0.88323, std: 0.01080, params: {'n_estimators': 80}, mean: 0.88377, std: 0.01063, params: {'n_estimators': 90}, mean: 0.88433, std: 0.01072, params: {'n_estimators': 100}]
[2018-08-10 15:55:05,327]: best params: {'n_estimators': 100}
[2018-08-10 15:55:05,328]: best scores: 0.8843310742050476
[2018-08-10 15:55:05,328]: --------------------------------------------------------
[2018-08-10 16:19:57,466]: Model: gbdt
[2018-08-10 16:19:57,467]: means: [0.88357971 0.88364577 0.88417855 0.88360869 0.884095   0.88432459]
[2018-08-10 16:19:57,467]: stds: [0.01028065 0.00994184 0.01053977 0.01040722 0.0103646  0.01046626]
[2018-08-10 16:19:57,468]: scores: [mean: 0.88358, std: 0.01028, params: {'subsample': 0.6}, mean: 0.88365, std: 0.00994, params: {'subsample': 0.7}, mean: 0.88418, std: 0.01054, params: {'subsample': 0.75}, mean: 0.88361, std: 0.01041, params: {'subsample': 0.8}, mean: 0.88410, std: 0.01036, params: {'subsample': 0.85}, mean: 0.88432, std: 0.01047, params: {'subsample': 0.9}]
[2018-08-10 16:19:57,469]: best params: {'subsample': 0.9}
[2018-08-10 16:19:57,469]: best scores: 0.8843245865594929
[2018-08-10 16:19:57,469]: --------------------------------------------------------
[2018-08-10 16:30:17,341]: Model: gbdt
[2018-08-10 16:30:17,342]: means: [0.88037344 0.88138529 0.88163492 0.88266928 0.88233413 0.88196481
 0.8819578  0.88285807]
[2018-08-10 16:30:17,342]: stds: [0.01222809 0.01087104 0.01086084 0.01020224 0.01071673 0.01070909
 0.01015757 0.01080921]
[2018-08-10 16:30:17,343]: scores: [mean: 0.88037, std: 0.01223, params: {'max_features': 12}, mean: 0.88139, std: 0.01087, params: {'max_features': 14}, mean: 0.88163, std: 0.01086, params: {'max_features': 16}, mean: 0.88267, std: 0.01020, params: {'max_features': 18}, mean: 0.88233, std: 0.01072, params: {'max_features': 20}, mean: 0.88196, std: 0.01071, params: {'max_features': 22}, mean: 0.88196, std: 0.01016, params: {'max_features': 24}, mean: 0.88286, std: 0.01081, params: {'max_features': 26}]
[2018-08-10 16:30:17,343]: best params: {'max_features': 26}
[2018-08-10 16:30:17,343]: best scores: 0.8828580734476505
[2018-08-10 16:30:17,343]: --------------------------------------------------------
